<?xml version="1.0" encoding="UTF-8"?>
<!-- Generated by org.testng.reporters.JUnitReportReporter -->
<testsuite hostname="DESKTOP-JCSH58D" failures="0" tests="4" name="tests.TC_002_LoginTest" time="69.101" errors="0" timestamp="2025-06-02T20:40:37 IST" skipped="0">
  <testcase classname="tests.TC_002_LoginTest" name="loginTest" time="12.180"/>
  <testcase classname="tests.TC_002_LoginTest" name="loginTest" time="21.448"/>
  <testcase classname="tests.TC_002_LoginTest" name="loginTest" time="16.838"/>
  <testcase classname="tests.TC_002_LoginTest" name="loginTest" time="18.635"/>
</testsuite> <!-- tests.TC_002_LoginTest -->
