<?xml version="1.0" encoding="UTF-8"?>
<!-- Generated by org.testng.reporters.JUnitReportReporter -->
<testsuite hostname="DESKTOP-JCSH58D" failures="0" tests="1" name="day31.TestAnnotations" time="0.034" errors="0" timestamp="2025-05-30T20:00:22 IST" skipped="0">
  <testcase classname="day31.TestAnnotations" name="testmethod" time="0.034"/>
</testsuite> <!-- day31.TestAnnotations -->
