<?xml version="1.0" encoding="UTF-8"?>
<!-- Generated by org.testng.reporters.JUnitReportReporter -->
<testsuite hostname="DESKTOP-JCSH58D" failures="0" tests="4" name="tests.TC_002_LoginTest" time="37.725" errors="0" timestamp="2025-06-03T20:57:03 IST" skipped="0">
  <testcase classname="tests.TC_002_LoginTest" name="loginTest" time="10.835"/>
  <testcase classname="tests.TC_002_LoginTest" name="loginTest" time="8.757"/>
  <testcase classname="tests.TC_002_LoginTest" name="loginTest" time="9.215"/>
  <testcase classname="tests.TC_002_LoginTest" name="loginTest" time="8.918"/>
</testsuite> <!-- tests.TC_002_LoginTest -->
