<?xml version="1.0" encoding="UTF-8"?>
<!-- Generated by org.testng.reporters.JUnitReportReporter -->
<testsuite hostname="DESKTOP-JCSH58D" failures="0" tests="4" name="tests.TC_002_LoginTest" time="43.112" errors="0" timestamp="2025-06-04T19:34:32 IST" skipped="0">
  <testcase classname="tests.TC_002_LoginTest" name="loginTest" time="14.323"/>
  <testcase classname="tests.TC_002_LoginTest" name="loginTest" time="10.326"/>
  <testcase classname="tests.TC_002_LoginTest" name="loginTest" time="9.280"/>
  <testcase classname="tests.TC_002_LoginTest" name="loginTest" time="9.183"/>
</testsuite> <!-- tests.TC_002_LoginTest -->
